

Microchip Technology PIC18 LITE Macro Assembler V1.44 build -154322312 
                                                                                               Sat Mar 13 13:59:48 2021

Microchip Technology Omniscient Code Generator v1.44 (Free mode) build 201709140600
     1                           	processor	18F27K42
     2                           	fnconf	rparam,??,?,0
     3                           	opt	pw 120
     4                           	opt	lm
     5                           	psect	cinit,global,reloc=2,class=CODE,delta=1
     6                           	psect	cstackCOMRAM,global,class=COMRAM,space=1,delta=1,noexec
     7                           	psect	text0,global,reloc=2,class=CODE,delta=1
     8                           	psect	text1,global,reloc=2,class=CODE,delta=1
     9                           	psect	text2,global,reloc=2,class=CODE,delta=1
    10                           	psect	text3,global,reloc=2,class=CODE,delta=1
    11                           	psect	text4,global,reloc=2,class=CODE,delta=1
    12                           	psect	intsave_regs,global,class=BIGRAM,space=1,delta=1,noexec
    13                           	psect	rparam,global,class=COMRAM,space=1,delta=1,noexec
    14  0000                     
    15                           ; Version 1.44
    16                           ; Generated 14/09/2017 GMT
    17                           ; 
    18                           ; Copyright © 2017, Microchip Technology Inc. and its subsidiaries ("Microchip")
    19                           ; All rights reserved.
    20                           ; 
    21                           ; This software is developed by Microchip Technology Inc. and its subsidiaries ("Microch
      +                          ip").
    22                           ; 
    23                           ; Redistribution and use in source and binary forms, with or without modification, are
    24                           ; permitted provided that the following conditions are met:
    25                           ; 
    26                           ;     1. Redistributions of source code must retain the above copyright notice, this lis
      +                          t of
    27                           ;        conditions and the following disclaimer.
    28                           ; 
    29                           ;     2. Redistributions in binary form must reproduce the above copyright notice, this 
      +                          list
    30                           ;        of conditions and the following disclaimer in the documentation and/or other
    31                           ;        materials provided with the distribution.
    32                           ; 
    33                           ;     3. Microchip's name may not be used to endorse or promote products derived from th
      +                          is
    34                           ;        software without specific prior written permission.
    35                           ; 
    36                           ; THIS SOFTWARE IS PROVIDED BY MICROCHIP "AS IS" AND ANY EXPRESS OR IMPLIED WARRANTIES,
    37                           ; INCLUDING, BUT NOT LIMITED TO, THE IMPLIED WARRANTIES OF MERCHANTABILITY AND FITNESS F
      +                          OR
    38                           ; PURPOSE ARE DISCLAIMED.  IN NO EVENT SHALL MICROCHIP BE LIABLE FOR ANY DIRECT, INDIREC
      +                          T,
    39                           ; INCIDENTAL, SPECIAL, EXEMPLARY, OR CONSEQUENTIAL DAMAGES (INCLUDING BUT NOT LIMITED TO
    40                           ; PROCUREMENT OF SUBSTITUTE GOODS OR SERVICES; LOSS OF USE, DATA OR PROFITS; OR BUSINESS
    41                           ; INTERRUPTION) HOWSOEVER CAUSED AND ON ANY THEORY OF LIABILITY, WHETHER IN CONTRACT, ST
      +                          RICT
    42                           ; LIABILITY, OR TORT (INCLUDING NEGLIGENCE OR OTHERWISE) ARISING IN ANY WAY OUT OF THE U
      +                          SE OF
    43                           ; THIS SOFTWARE, EVEN IF ADVISED OF THE POSSIBILITY OF SUCH DAMAGE.
    44                           ; 
    45                           ; 
    46                           ; Code-generator required, PIC18F27K42 Definitions
    47                           ; 
    48                           ; SFR Addresses
    49  0000                     _PMD7	set	14791
    50  0000                     _PMD6	set	14790
    51  0000                     _PMD5	set	14789
    52  0000                     _PMD4	set	14788
    53  0000                     _PMD3	set	14787
    54  0000                     _PMD2	set	14786
    55  0000                     _PMD1	set	14785
    56  0000                     _PMD0	set	14784
    57  0000                     _OSCTUNE	set	14814
    58  0000                     _OSCFRQ	set	14815
    59  0000                     _OSCEN	set	14813
    60  0000                     _OSCCON3	set	14811
    61  0000                     _OSCCON1	set	14809
    62  0000                     _INLVLE	set	14980
    63  0000                     _INLVLC	set	14948
    64  0000                     _INLVLB	set	14932
    65  0000                     _INLVLA	set	14916
    66  0000                     _SLRCONC	set	14947
    67  0000                     _SLRCONB	set	14931
    68  0000                     _SLRCONA	set	14915
    69  0000                     _ODCONC	set	14946
    70  0000                     _ODCONB	set	14930
    71  0000                     _ODCONA	set	14914
    72  0000                     _RC4I2C	set	14955
    73  0000                     _RC3I2C	set	14954
    74  0000                     _RB2I2C	set	14939
    75  0000                     _RB1I2C	set	14938
    76  0000                     _WPUC	set	14945
    77  0000                     _WPUA	set	14913
    78  0000                     _WPUB	set	14929
    79  0000                     _WPUE	set	14977
    80  0000                     _ANSELA	set	14912
    81  0000                     _ANSELB	set	14928
    82  0000                     _ANSELC	set	14944
    83  0000                     _TRISC	set	16324
    84  0000                     _TRISB	set	16323
    85  0000                     _TRISA	set	16322
    86  0000                     _LATC	set	16316
    87  0000                     _LATB	set	16315
    88  0000                     _LATA	set	16314
    89  0000                     _PORTAbits	set	16330
    90                           
    91                           ; #config settings
    92  0000                     
    93                           	psect	cinit
    94  01FF1A                     __pcinit:
    95                           	opt stack 0
    96  01FF1A                     start_initialization:
    97                           	opt stack 0
    98  01FF1A                     __initialization:
    99                           	opt stack 0
   100  01FF1A                     end_of_initialization:
   101                           	opt stack 0
   102  01FF1A                     __end_of__initialization:
   103                           	opt stack 0
   104  01FF1A  0100               	movlb	0
   105  01FF1C  EFB5  F0FF         	goto	_main	;jump to C main() function
   106                           
   107                           	psect	cstackCOMRAM
   108  000001                     __pcstackCOMRAM:
   109                           	opt stack 0
   110  000001                     ??_main:
   111                           
   112                           ; 1 bytes @ 0x0
   113  000001                     	ds	2
   114                           
   115 ;;
   116 ;;Main: autosize = 0, tempsize = 2, incstack = 0, save=0
   117 ;;
   118 ;; *************** function _main *****************
   119 ;; Defined at:
   120 ;;		line 49 in file "main.c"
   121 ;; Parameters:    Size  Location     Type
   122 ;;		None
   123 ;; Auto vars:     Size  Location     Type
   124 ;;		None
   125 ;; Return value:  Size  Location     Type
   126 ;;                  1    wreg      void 
   127 ;; Registers used:
   128 ;;		wreg, status,2, cstack
   129 ;; Tracked objects:
   130 ;;		On entry : 0/0
   131 ;;		On exit  : 0/0
   132 ;;		Unchanged: 0/0
   133 ;; Data sizes:     COMRAM   BANK0   BANK1   BANK2   BANK3   BANK4   BANK5   BANK6   BANK7   BANK8   BANK9  BANK10  BANK1
      +1  BANK12  BANK13  BANK14  BANK15  BANK16  BANK17  BANK18  BANK19  BANK20  BANK21  BANK22  BANK23  BANK24  BANK25  BANK2
      +6  BANK27  BANK28  BANK29  BANK30  BANK31
   134 ;;      Params:         0       0       0       0       0       0       0       0       0       0       0       0       
      +0       0       0       0       0       0       0       0       0       0       0       0       0       0       0       
      +0       0       0       0       0       0
   135 ;;      Locals:         0       0       0       0       0       0       0       0       0       0       0       0       
      +0       0       0       0       0       0       0       0       0       0       0       0       0       0       0       
      +0       0       0       0       0       0
   136 ;;      Temps:          2       0       0       0       0       0       0       0       0       0       0       0       
      +0       0       0       0       0       0       0       0       0       0       0       0       0       0       0       
      +0       0       0       0       0       0
   137 ;;      Totals:         2       0       0       0       0       0       0       0       0       0       0       0       
      +0       0       0       0       0       0       0       0       0       0       0       0       0       0       0       
      +0       0       0       0       0       0
   138 ;;Total ram usage:        2 bytes
   139 ;; Hardware stack levels required when called:    2
   140 ;; This function calls:
   141 ;;		_SYSTEM_Initialize
   142 ;; This function is called by:
   143 ;;		Startup code after reset
   144 ;; This function uses a non-reentrant model
   145 ;;
   146                           
   147                           	psect	text0
   148  01FF6A                     __ptext0:
   149                           	opt stack 0
   150  01FF6A                     _main:
   151                           	opt stack 29
   152                           
   153                           ;main.c: 52: SYSTEM_Initialize();
   154                           
   155                           ;incstack = 0
   156  01FF6A  EC90  F0FF         	call	_SYSTEM_Initialize	;wreg free
   157  01FF6E                     
   158                           ;main.c: 65: {
   159                           ;main.c: 67: PORTAbits.RA0 = 0;
   160  01FF6E  013F               	movlb	63	; () banked
   161  01FF70  91CA               	bcf	202,0,b	;volatile
   162                           
   163                           ; BSR set to: 63
   164                           ;main.c: 68: _delay((unsigned long)((100)*(1000000/4000.0)));
   165  01FF72  0E21               	movlw	33
   166  01FF74  6E01               	movwf	??_main& (0+255),c
   167  01FF76  0E76               	movlw	118
   168  01FF78                     u17:
   169  01FF78  2EE8               	decfsz	16360,f,c
   170  01FF7A  D7FE               	bra	u17
   171  01FF7C  2E01               	decfsz	??_main& (0+255),f,c
   172  01FF7E  D7FC               	bra	u17
   173  01FF80  D000               	nop2	
   174                           
   175                           ;main.c: 69: PORTAbits.RA0 = 1;
   176  01FF82  013F               	movlb	63	; () banked
   177  01FF84  81CA               	bsf	202,0,b	;volatile
   178                           
   179                           ; BSR set to: 63
   180                           ;main.c: 70: _delay((unsigned long)((1000)*(1000000/4000.0)));
   181  01FF86  0E02               	movlw	2
   182  01FF88  6E02               	movwf	(??_main+1)& (0+255),c
   183  01FF8A  0E45               	movlw	69
   184  01FF8C  6E01               	movwf	??_main& (0+255),c
   185  01FF8E  0EAA               	movlw	170
   186  01FF90                     u27:
   187  01FF90  2EE8               	decfsz	16360,f,c
   188  01FF92  D7FE               	bra	u27
   189  01FF94  2E01               	decfsz	??_main& (0+255),f,c
   190  01FF96  D7FC               	bra	u27
   191  01FF98  2E02               	decfsz	(??_main+1)& (0+255),f,c
   192  01FF9A  D7FA               	bra	u27
   193  01FF9C  D7E8               	goto	l52
   194  01FF9E                     __end_of_main:
   195                           	opt stack 0
   196                           
   197 ;; *************** function _SYSTEM_Initialize *****************
   198 ;; Defined at:
   199 ;;		line 50 in file "mcc_generated_files/mcc.c"
   200 ;; Parameters:    Size  Location     Type
   201 ;;		None
   202 ;; Auto vars:     Size  Location     Type
   203 ;;		None
   204 ;; Return value:  Size  Location     Type
   205 ;;                  1    wreg      void 
   206 ;; Registers used:
   207 ;;		wreg, status,2, cstack
   208 ;; Tracked objects:
   209 ;;		On entry : 0/0
   210 ;;		On exit  : 0/0
   211 ;;		Unchanged: 0/0
   212 ;; Data sizes:     COMRAM   BANK0   BANK1   BANK2   BANK3   BANK4   BANK5   BANK6   BANK7   BANK8   BANK9  BANK10  BANK1
      +1  BANK12  BANK13  BANK14  BANK15  BANK16  BANK17  BANK18  BANK19  BANK20  BANK21  BANK22  BANK23  BANK24  BANK25  BANK2
      +6  BANK27  BANK28  BANK29  BANK30  BANK31
   213 ;;      Params:         0       0       0       0       0       0       0       0       0       0       0       0       
      +0       0       0       0       0       0       0       0       0       0       0       0       0       0       0       
      +0       0       0       0       0       0
   214 ;;      Locals:         0       0       0       0       0       0       0       0       0       0       0       0       
      +0       0       0       0       0       0       0       0       0       0       0       0       0       0       0       
      +0       0       0       0       0       0
   215 ;;      Temps:          0       0       0       0       0       0       0       0       0       0       0       0       
      +0       0       0       0       0       0       0       0       0       0       0       0       0       0       0       
      +0       0       0       0       0       0
   216 ;;      Totals:         0       0       0       0       0       0       0       0       0       0       0       0       
      +0       0       0       0       0       0       0       0       0       0       0       0       0       0       0       
      +0       0       0       0       0       0
   217 ;;Total ram usage:        0 bytes
   218 ;; Hardware stack levels used:    1
   219 ;; Hardware stack levels required when called:    1
   220 ;; This function calls:
   221 ;;		_OSCILLATOR_Initialize
   222 ;;		_PIN_MANAGER_Initialize
   223 ;;		_PMD_Initialize
   224 ;; This function is called by:
   225 ;;		_main
   226 ;; This function uses a non-reentrant model
   227 ;;
   228                           
   229                           	psect	text1
   230  01FF20                     __ptext1:
   231                           	opt stack 0
   232  01FF20                     _SYSTEM_Initialize:
   233                           	opt stack 29
   234                           
   235                           ;mcc.c: 52: PMD_Initialize();
   236                           
   237                           ;incstack = 0
   238  01FF20  ECA3  F0FF         	call	_PMD_Initialize	;wreg free
   239                           
   240                           ;mcc.c: 53: PIN_MANAGER_Initialize();
   241  01FF24  ECCF  F0FF         	call	_PIN_MANAGER_Initialize	;wreg free
   242                           
   243                           ;mcc.c: 54: OSCILLATOR_Initialize();
   244  01FF28  EC97  F0FF         	call	_OSCILLATOR_Initialize	;wreg free
   245  01FF2C  0012               	return		;funcret
   246  01FF2E                     __end_of_SYSTEM_Initialize:
   247                           	opt stack 0
   248                           
   249 ;; *************** function _PMD_Initialize *****************
   250 ;; Defined at:
   251 ;;		line 71 in file "mcc_generated_files/mcc.c"
   252 ;; Parameters:    Size  Location     Type
   253 ;;		None
   254 ;; Auto vars:     Size  Location     Type
   255 ;;		None
   256 ;; Return value:  Size  Location     Type
   257 ;;                  1    wreg      void 
   258 ;; Registers used:
   259 ;;		wreg, status,2
   260 ;; Tracked objects:
   261 ;;		On entry : 0/0
   262 ;;		On exit  : 0/0
   263 ;;		Unchanged: 0/0
   264 ;; Data sizes:     COMRAM   BANK0   BANK1   BANK2   BANK3   BANK4   BANK5   BANK6   BANK7   BANK8   BANK9  BANK10  BANK1
      +1  BANK12  BANK13  BANK14  BANK15  BANK16  BANK17  BANK18  BANK19  BANK20  BANK21  BANK22  BANK23  BANK24  BANK25  BANK2
      +6  BANK27  BANK28  BANK29  BANK30  BANK31
   265 ;;      Params:         0       0       0       0       0       0       0       0       0       0       0       0       
      +0       0       0       0       0       0       0       0       0       0       0       0       0       0       0       
      +0       0       0       0       0       0
   266 ;;      Locals:         0       0       0       0       0       0       0       0       0       0       0       0       
      +0       0       0       0       0       0       0       0       0       0       0       0       0       0       0       
      +0       0       0       0       0       0
   267 ;;      Temps:          0       0       0       0       0       0       0       0       0       0       0       0       
      +0       0       0       0       0       0       0       0       0       0       0       0       0       0       0       
      +0       0       0       0       0       0
   268 ;;      Totals:         0       0       0       0       0       0       0       0       0       0       0       0       
      +0       0       0       0       0       0       0       0       0       0       0       0       0       0       0       
      +0       0       0       0       0       0
   269 ;;Total ram usage:        0 bytes
   270 ;; Hardware stack levels used:    1
   271 ;; This function calls:
   272 ;;		Nothing
   273 ;; This function is called by:
   274 ;;		_SYSTEM_Initialize
   275 ;; This function uses a non-reentrant model
   276 ;;
   277                           
   278                           	psect	text2
   279  01FF46                     __ptext2:
   280                           	opt stack 0
   281  01FF46                     _PMD_Initialize:
   282                           	opt stack 29
   283                           
   284                           ;mcc.c: 74: PMD0 = 0x00;
   285                           
   286                           ;incstack = 0
   287  01FF46  0E00               	movlw	0
   288  01FF48  0139               	movlb	57	; () banked
   289  01FF4A  6FC0               	movwf	192,b	;volatile
   290                           
   291                           ;mcc.c: 76: PMD1 = 0x00;
   292  01FF4C  0E00               	movlw	0
   293  01FF4E  6FC1               	movwf	193,b	;volatile
   294                           
   295                           ;mcc.c: 78: PMD2 = 0x00;
   296  01FF50  0E00               	movlw	0
   297  01FF52  6FC2               	movwf	194,b	;volatile
   298                           
   299                           ;mcc.c: 80: PMD3 = 0x00;
   300  01FF54  0E00               	movlw	0
   301  01FF56  6FC3               	movwf	195,b	;volatile
   302                           
   303                           ;mcc.c: 82: PMD4 = 0x00;
   304  01FF58  0E00               	movlw	0
   305  01FF5A  6FC4               	movwf	196,b	;volatile
   306                           
   307                           ;mcc.c: 84: PMD5 = 0x00;
   308  01FF5C  0E00               	movlw	0
   309  01FF5E  6FC5               	movwf	197,b	;volatile
   310                           
   311                           ;mcc.c: 86: PMD6 = 0x00;
   312  01FF60  0E00               	movlw	0
   313  01FF62  6FC6               	movwf	198,b	;volatile
   314                           
   315                           ;mcc.c: 88: PMD7 = 0x00;
   316  01FF64  0E00               	movlw	0
   317  01FF66  6FC7               	movwf	199,b	;volatile
   318                           
   319                           ; BSR set to: 57
   320  01FF68  0012               	return		;funcret
   321  01FF6A                     __end_of_PMD_Initialize:
   322                           	opt stack 0
   323                           
   324 ;; *************** function _PIN_MANAGER_Initialize *****************
   325 ;; Defined at:
   326 ;;		line 55 in file "mcc_generated_files/pin_manager.c"
   327 ;; Parameters:    Size  Location     Type
   328 ;;		None
   329 ;; Auto vars:     Size  Location     Type
   330 ;;		None
   331 ;; Return value:  Size  Location     Type
   332 ;;                  1    wreg      void 
   333 ;; Registers used:
   334 ;;		wreg, status,2
   335 ;; Tracked objects:
   336 ;;		On entry : 0/0
   337 ;;		On exit  : 0/0
   338 ;;		Unchanged: 0/0
   339 ;; Data sizes:     COMRAM   BANK0   BANK1   BANK2   BANK3   BANK4   BANK5   BANK6   BANK7   BANK8   BANK9  BANK10  BANK1
      +1  BANK12  BANK13  BANK14  BANK15  BANK16  BANK17  BANK18  BANK19  BANK20  BANK21  BANK22  BANK23  BANK24  BANK25  BANK2
      +6  BANK27  BANK28  BANK29  BANK30  BANK31
   340 ;;      Params:         0       0       0       0       0       0       0       0       0       0       0       0       
      +0       0       0       0       0       0       0       0       0       0       0       0       0       0       0       
      +0       0       0       0       0       0
   341 ;;      Locals:         0       0       0       0       0       0       0       0       0       0       0       0       
      +0       0       0       0       0       0       0       0       0       0       0       0       0       0       0       
      +0       0       0       0       0       0
   342 ;;      Temps:          0       0       0       0       0       0       0       0       0       0       0       0       
      +0       0       0       0       0       0       0       0       0       0       0       0       0       0       0       
      +0       0       0       0       0       0
   343 ;;      Totals:         0       0       0       0       0       0       0       0       0       0       0       0       
      +0       0       0       0       0       0       0       0       0       0       0       0       0       0       0       
      +0       0       0       0       0       0
   344 ;;Total ram usage:        0 bytes
   345 ;; Hardware stack levels used:    1
   346 ;; This function calls:
   347 ;;		Nothing
   348 ;; This function is called by:
   349 ;;		_SYSTEM_Initialize
   350 ;; This function uses a non-reentrant model
   351 ;;
   352                           
   353                           	psect	text3
   354  01FF9E                     __ptext3:
   355                           	opt stack 0
   356  01FF9E                     _PIN_MANAGER_Initialize:
   357                           	opt stack 29
   358                           
   359                           ;pin_manager.c: 60: LATA = 0x01;
   360                           
   361                           ; BSR set to: 57
   362                           ;incstack = 0
   363  01FF9E  0E01               	movlw	1
   364  01FFA0  013F               	movlb	63	; () banked
   365  01FFA2  6FBA               	movwf	186,b	;volatile
   366                           
   367                           ;pin_manager.c: 61: LATB = 0x00;
   368  01FFA4  0E00               	movlw	0
   369  01FFA6  6FBB               	movwf	187,b	;volatile
   370                           
   371                           ;pin_manager.c: 62: LATC = 0x00;
   372  01FFA8  0E00               	movlw	0
   373  01FFAA  6FBC               	movwf	188,b	;volatile
   374                           
   375                           ;pin_manager.c: 67: TRISA = 0xFE;
   376  01FFAC  0EFE               	movlw	254
   377  01FFAE  6FC2               	movwf	194,b	;volatile
   378                           
   379                           ; BSR set to: 63
   380                           ;pin_manager.c: 68: TRISB = 0xFF;
   381  01FFB0  69C3               	setf	195,b	;volatile
   382                           
   383                           ; BSR set to: 63
   384                           ;pin_manager.c: 69: TRISC = 0xFF;
   385  01FFB2  69C4               	setf	196,b	;volatile
   386                           
   387                           ; BSR set to: 63
   388                           ;pin_manager.c: 74: ANSELC = 0xFF;
   389  01FFB4  013A               	movlb	58	; () banked
   390  01FFB6  6960               	setf	96,b	;volatile
   391                           
   392                           ; BSR set to: 58
   393                           ;pin_manager.c: 75: ANSELB = 0xFF;
   394  01FFB8  6950               	setf	80,b	;volatile
   395                           
   396                           ;pin_manager.c: 76: ANSELA = 0xFE;
   397  01FFBA  0EFE               	movlw	254
   398  01FFBC  6F40               	movwf	64,b	;volatile
   399                           
   400                           ;pin_manager.c: 81: WPUE = 0x00;
   401  01FFBE  0E00               	movlw	0
   402  01FFC0  6F81               	movwf	129,b	;volatile
   403                           
   404                           ;pin_manager.c: 82: WPUB = 0x00;
   405  01FFC2  0E00               	movlw	0
   406  01FFC4  6F51               	movwf	81,b	;volatile
   407                           
   408                           ;pin_manager.c: 83: WPUA = 0x00;
   409  01FFC6  0E00               	movlw	0
   410  01FFC8  6F41               	movwf	65,b	;volatile
   411                           
   412                           ;pin_manager.c: 84: WPUC = 0x00;
   413  01FFCA  0E00               	movlw	0
   414  01FFCC  6F61               	movwf	97,b	;volatile
   415                           
   416                           ;pin_manager.c: 89: RB1I2C = 0x00;
   417  01FFCE  0E00               	movlw	0
   418  01FFD0  6F5A               	movwf	90,b	;volatile
   419                           
   420                           ;pin_manager.c: 90: RB2I2C = 0x00;
   421  01FFD2  0E00               	movlw	0
   422  01FFD4  6F5B               	movwf	91,b	;volatile
   423                           
   424                           ;pin_manager.c: 91: RC3I2C = 0x00;
   425  01FFD6  0E00               	movlw	0
   426  01FFD8  6F6A               	movwf	106,b	;volatile
   427                           
   428                           ;pin_manager.c: 92: RC4I2C = 0x00;
   429  01FFDA  0E00               	movlw	0
   430  01FFDC  6F6B               	movwf	107,b	;volatile
   431                           
   432                           ;pin_manager.c: 97: ODCONA = 0x00;
   433  01FFDE  0E00               	movlw	0
   434  01FFE0  6F42               	movwf	66,b	;volatile
   435                           
   436                           ;pin_manager.c: 98: ODCONB = 0x00;
   437  01FFE2  0E00               	movlw	0
   438  01FFE4  6F52               	movwf	82,b	;volatile
   439                           
   440                           ;pin_manager.c: 99: ODCONC = 0x00;
   441  01FFE6  0E00               	movlw	0
   442  01FFE8  6F62               	movwf	98,b	;volatile
   443                           
   444                           ; BSR set to: 58
   445                           ;pin_manager.c: 104: SLRCONA = 0xFF;
   446  01FFEA  6943               	setf	67,b	;volatile
   447                           
   448                           ; BSR set to: 58
   449                           ;pin_manager.c: 105: SLRCONB = 0xFF;
   450  01FFEC  6953               	setf	83,b	;volatile
   451                           
   452                           ; BSR set to: 58
   453                           ;pin_manager.c: 106: SLRCONC = 0xFF;
   454  01FFEE  6963               	setf	99,b	;volatile
   455                           
   456                           ; BSR set to: 58
   457                           ;pin_manager.c: 111: INLVLA = 0xFF;
   458  01FFF0  6944               	setf	68,b	;volatile
   459                           
   460                           ; BSR set to: 58
   461                           ;pin_manager.c: 112: INLVLB = 0xFF;
   462  01FFF2  6954               	setf	84,b	;volatile
   463                           
   464                           ; BSR set to: 58
   465                           ;pin_manager.c: 113: INLVLC = 0xFF;
   466  01FFF4  6964               	setf	100,b	;volatile
   467                           
   468                           ;pin_manager.c: 114: INLVLE = 0x08;
   469  01FFF6  0E08               	movlw	8
   470  01FFF8  6F84               	movwf	132,b	;volatile
   471                           
   472                           ; BSR set to: 58
   473  01FFFA  0012               	return		;funcret
   474  01FFFC                     __end_of_PIN_MANAGER_Initialize:
   475                           	opt stack 0
   476                           
   477 ;; *************** function _OSCILLATOR_Initialize *****************
   478 ;; Defined at:
   479 ;;		line 57 in file "mcc_generated_files/mcc.c"
   480 ;; Parameters:    Size  Location     Type
   481 ;;		None
   482 ;; Auto vars:     Size  Location     Type
   483 ;;		None
   484 ;; Return value:  Size  Location     Type
   485 ;;                  1    wreg      void 
   486 ;; Registers used:
   487 ;;		wreg, status,2
   488 ;; Tracked objects:
   489 ;;		On entry : 0/0
   490 ;;		On exit  : 0/0
   491 ;;		Unchanged: 0/0
   492 ;; Data sizes:     COMRAM   BANK0   BANK1   BANK2   BANK3   BANK4   BANK5   BANK6   BANK7   BANK8   BANK9  BANK10  BANK1
      +1  BANK12  BANK13  BANK14  BANK15  BANK16  BANK17  BANK18  BANK19  BANK20  BANK21  BANK22  BANK23  BANK24  BANK25  BANK2
      +6  BANK27  BANK28  BANK29  BANK30  BANK31
   493 ;;      Params:         0       0       0       0       0       0       0       0       0       0       0       0       
      +0       0       0       0       0       0       0       0       0       0       0       0       0       0       0       
      +0       0       0       0       0       0
   494 ;;      Locals:         0       0       0       0       0       0       0       0       0       0       0       0       
      +0       0       0       0       0       0       0       0       0       0       0       0       0       0       0       
      +0       0       0       0       0       0
   495 ;;      Temps:          0       0       0       0       0       0       0       0       0       0       0       0       
      +0       0       0       0       0       0       0       0       0       0       0       0       0       0       0       
      +0       0       0       0       0       0
   496 ;;      Totals:         0       0       0       0       0       0       0       0       0       0       0       0       
      +0       0       0       0       0       0       0       0       0       0       0       0       0       0       0       
      +0       0       0       0       0       0
   497 ;;Total ram usage:        0 bytes
   498 ;; Hardware stack levels used:    1
   499 ;; This function calls:
   500 ;;		Nothing
   501 ;; This function is called by:
   502 ;;		_SYSTEM_Initialize
   503 ;; This function uses a non-reentrant model
   504 ;;
   505                           
   506                           	psect	text4
   507  01FF2E                     __ptext4:
   508                           	opt stack 0
   509  01FF2E                     _OSCILLATOR_Initialize:
   510                           	opt stack 29
   511                           
   512                           ;mcc.c: 60: OSCCON1 = 0x62;
   513                           
   514                           ; BSR set to: 58
   515                           ;incstack = 0
   516  01FF2E  0E62               	movlw	98
   517  01FF30  0139               	movlb	57	; () banked
   518  01FF32  6FD9               	movwf	217,b	;volatile
   519                           
   520                           ;mcc.c: 62: OSCCON3 = 0x00;
   521  01FF34  0E00               	movlw	0
   522  01FF36  6FDB               	movwf	219,b	;volatile
   523                           
   524                           ;mcc.c: 64: OSCEN = 0x00;
   525  01FF38  0E00               	movlw	0
   526  01FF3A  6FDD               	movwf	221,b	;volatile
   527                           
   528                           ;mcc.c: 66: OSCFRQ = 0x02;
   529  01FF3C  0E02               	movlw	2
   530  01FF3E  6FDF               	movwf	223,b	;volatile
   531                           
   532                           ;mcc.c: 68: OSCTUNE = 0x00;
   533  01FF40  0E00               	movlw	0
   534  01FF42  6FDE               	movwf	222,b	;volatile
   535                           
   536                           ; BSR set to: 57
   537  01FF44  0012               	return		;funcret
   538  01FF46                     __end_of_OSCILLATOR_Initialize:
   539                           	opt stack 0
   540  0000                     
   541                           	psect	rparam


Data Sizes:
    Strings     0
    Constant    0
    Data        0
    BSS         0
    Persistent  0
    Stack       0

Auto Spaces:
    Space          Size  Autos    Used
    COMRAM           95      2       2
    BANK0           160      0       0
    BANK1           256      0       0
    BANK2           256      0       0
    BANK3           256      0       0
    BANK4           256      0       0
    BANK5           256      0       0
    BANK6           256      0       0
    BANK7           256      0       0
    BANK8           256      0       0
    BANK9           256      0       0
    BANK10          256      0       0
    BANK11          256      0       0
    BANK12          256      0       0
    BANK13          256      0       0
    BANK14          256      0       0
    BANK15          256      0       0
    BANK16          256      0       0
    BANK17          256      0       0
    BANK18          256      0       0
    BANK19          256      0       0
    BANK20          256      0       0
    BANK21          256      0       0
    BANK22          256      0       0
    BANK23          256      0       0
    BANK24          256      0       0
    BANK25          256      0       0
    BANK26          256      0       0
    BANK27          256      0       0
    BANK28          256      0       0
    BANK29          256      0       0
    BANK30          256      0       0
    BANK31          256      0       0

Pointer List with Targets:

    None.

Critical Paths under _main in COMRAM

    None.

Critical Paths under _main in BANK0

    None.

Critical Paths under _main in BANK1

    None.

Critical Paths under _main in BANK2

    None.

Critical Paths under _main in BANK3

    None.

Critical Paths under _main in BANK4

    None.

Critical Paths under _main in BANK5

    None.

Critical Paths under _main in BANK6

    None.

Critical Paths under _main in BANK7

    None.

Critical Paths under _main in BANK8

    None.

Critical Paths under _main in BANK9

    None.

Critical Paths under _main in BANK10

    None.

Critical Paths under _main in BANK11

    None.

Critical Paths under _main in BANK12

    None.

Critical Paths under _main in BANK13

    None.

Critical Paths under _main in BANK14

    None.

Critical Paths under _main in BANK15

    None.

Critical Paths under _main in BANK16

    None.

Critical Paths under _main in BANK17

    None.

Critical Paths under _main in BANK18

    None.

Critical Paths under _main in BANK19

    None.

Critical Paths under _main in BANK20

    None.

Critical Paths under _main in BANK21

    None.

Critical Paths under _main in BANK22

    None.

Critical Paths under _main in BANK23

    None.

Critical Paths under _main in BANK24

    None.

Critical Paths under _main in BANK25

    None.

Critical Paths under _main in BANK26

    None.

Critical Paths under _main in BANK27

    None.

Critical Paths under _main in BANK28

    None.

Critical Paths under _main in BANK29

    None.

Critical Paths under _main in BANK30

    None.

Critical Paths under _main in BANK31

    None.

Call Graph Tables:

 ---------------------------------------------------------------------------------
 (Depth) Function   	        Calls       Base Space   Used Autos Params    Refs
 ---------------------------------------------------------------------------------
 (0) _main                                                 2     2      0       0
                                              0 COMRAM     2     2      0
                  _SYSTEM_Initialize
 ---------------------------------------------------------------------------------
 (1) _SYSTEM_Initialize                                    0     0      0       0
              _OSCILLATOR_Initialize
             _PIN_MANAGER_Initialize
                     _PMD_Initialize
 ---------------------------------------------------------------------------------
 (2) _PMD_Initialize                                       0     0      0       0
 ---------------------------------------------------------------------------------
 (2) _PIN_MANAGER_Initialize                               0     0      0       0
 ---------------------------------------------------------------------------------
 (2) _OSCILLATOR_Initialize                                0     0      0       0
 ---------------------------------------------------------------------------------
 Estimated maximum stack depth 2
 ---------------------------------------------------------------------------------

 Call Graph Graphs:

 _main (ROOT)
   _SYSTEM_Initialize
     _OSCILLATOR_Initialize
     _PIN_MANAGER_Initialize
     _PMD_Initialize

 Address spaces:
Name               Size   Autos  Total    Cost      Usage
BITCOMRAM           5F      0       0       0        0.0%
EEDATA             400      0       0       0        0.0%
NULL                 0      0       0       0        0.0%
CODE                 0      0       0       0        0.0%
COMRAM              5F      2       2       1        2.1%
STACK                0      0       0       2        0.0%
DATA                 0      0       0       3        0.0%
BITBANK0            A0      0       0       4        0.0%
BANK0               A0      0       0       5        0.0%
BITBANK1           100      0       0       6        0.0%
BANK1              100      0       0       7        0.0%
BITBANK2           100      0       0       8        0.0%
BANK2              100      0       0       9        0.0%
BITBANK3           100      0       0      10        0.0%
BANK3              100      0       0      11        0.0%
BITBANK4           100      0       0      12        0.0%
BANK4              100      0       0      13        0.0%
BITBANK5           100      0       0      14        0.0%
BANK5              100      0       0      15        0.0%
BITBANK6           100      0       0      16        0.0%
BANK6              100      0       0      17        0.0%
BITBANK7           100      0       0      18        0.0%
BANK7              100      0       0      19        0.0%
BITBANK8           100      0       0      20        0.0%
BANK8              100      0       0      21        0.0%
BITBANK9           100      0       0      22        0.0%
BANK9              100      0       0      23        0.0%
BITBANK10          100      0       0      24        0.0%
BANK10             100      0       0      25        0.0%
BITBANK11          100      0       0      26        0.0%
BANK11             100      0       0      27        0.0%
BITBANK12          100      0       0      28        0.0%
BANK12             100      0       0      29        0.0%
BITBANK13          100      0       0      30        0.0%
BANK13             100      0       0      31        0.0%
BITBANK14          100      0       0      32        0.0%
BANK14             100      0       0      33        0.0%
BITBANK15          100      0       0      34        0.0%
BANK15             100      0       0      35        0.0%
BITBANK16          100      0       0      36        0.0%
BANK16             100      0       0      37        0.0%
BITBANK17          100      0       0      38        0.0%
BANK17             100      0       0      39        0.0%
BITBANK18          100      0       0      40        0.0%
BANK18             100      0       0      41        0.0%
BITBANK19          100      0       0      42        0.0%
BANK19             100      0       0      43        0.0%
BITBANK20          100      0       0      44        0.0%
BANK20             100      0       0      45        0.0%
BITBANK21          100      0       0      46        0.0%
BANK21             100      0       0      47        0.0%
BITBANK22          100      0       0      48        0.0%
BANK22             100      0       0      49        0.0%
BITBANK23          100      0       0      50        0.0%
BANK23             100      0       0      51        0.0%
BITBANK24          100      0       0      52        0.0%
BANK24             100      0       0      53        0.0%
BITBANK25          100      0       0      54        0.0%
BANK25             100      0       0      55        0.0%
BITBANK26          100      0       0      56        0.0%
BANK26             100      0       0      57        0.0%
ABS                  0      0       0      58        0.0%
BITBANK27          100      0       0      59        0.0%
BANK27             100      0       0      60        0.0%
BITBANK28          100      0       0      61        0.0%
BANK28             100      0       0      62        0.0%
BITBANK29          100      0       0      63        0.0%
BANK29             100      0       0      64        0.0%
BITBANK30          100      0       0      65        0.0%
BANK30             100      0       0      66        0.0%
BITBANK31          100      0       0      67        0.0%
BANK31             100      0       0      68        0.0%
BIGRAM            1FFF      0       0      69        0.0%
BITSFR_8             0      0       0     200        0.0%
SFR_8                0      0       0     200        0.0%
BITSFR_7             0      0       0     200        0.0%
SFR_7                0      0       0     200        0.0%
BITSFR_6             0      0       0     200        0.0%
SFR_6                0      0       0     200        0.0%
BITSFR_5             0      0       0     200        0.0%
SFR_5                0      0       0     200        0.0%
BITSFR_4             0      0       0     200        0.0%
SFR_4                0      0       0     200        0.0%
BITSFR_3             0      0       0     200        0.0%
SFR_3                0      0       0     200        0.0%
BITSFR_2             0      0       0     200        0.0%
SFR_2                0      0       0     200        0.0%
BITSFR_1             0      0       0     200        0.0%
SFR_1                0      0       0     200        0.0%
BITSFR               0      0       0     200        0.0%
SFR                  0      0       0     200        0.0%


Microchip Technology PIC18 Macro Assembler V1.44 build -154322312 
Symbol Table                                                                                   Sat Mar 13 13:59:48 2021

                    __CFG_CP$OFF 000000                               l52 FF6E  
                             u17 FF78                               u27 FF90  
                    __CFG_LVP$ON 000000          __size_of_PMD_Initialize 0024  
                            wreg 003FE8                    __CFG_BBEN$OFF 000000  
                   __CFG_ZCD$OFF 000000                             _LATA 003FBA  
                           _LATB 003FBB                             _LATC 003FBC  
                           _PMD0 0039C0                             _PMD1 0039C1  
                           _PMD2 0039C2                             _PMD3 0039C3  
                           _PMD4 0039C4                             _PMD5 0039C5  
                           _PMD6 0039C6                             _PMD7 0039C7  
                           _WPUA 003A41                             _WPUB 003A51  
                           _WPUC 003A61                             _WPUE 003A81  
                  __CFG_FCMEN$ON 000000                             _main FF6A  
                           start FFFC                    __CFG_CSWEN$ON 000000  
                   ___param_bank 000000   __size_of_OSCILLATOR_Initialize 0018  
  __end_of_OSCILLATOR_Initialize FF46                            ?_main 0001  
                  __CFG_WDTE$OFF 000000                   __CFG_DEBUG$OFF 000000  
                          _OSCEN 0039DD                            _TRISA 003FC2  
                          _TRISB 003FC3                            _TRISC 003FC4  
                  __CFG_WRTB$OFF 000000                    __CFG_WRTC$OFF 000000  
                  __CFG_WRTD$OFF 000000               __CFG_MCLRE$EXTMCLR 000000  
                __initialization FF1A                     __end_of_main FF9E  
                 __CFG_SAFEN$OFF 000000                           ??_main 0001  
                 __CFG_PR1WAY$ON 000000                    __activetblptr 000000  
                         _ANSELA 003A40                           _ANSELB 003A50  
                         _ANSELC 003A60                           _RB1I2C 003A5A  
                         _RB2I2C 003A5B                           _RC3I2C 003A6A  
                         _RC4I2C 003A6B                           _ODCONA 003A42  
                         _ODCONB 003A52                           _ODCONC 003A62  
                 __CFG_WDTCCS$SC 000000                           _INLVLA 003A44  
                         _INLVLB 003A54                           _INLVLC 003A64  
                         _INLVLE 003A84                           _OSCFRQ 0039DF  
                 __CFG_XINST$OFF 000000        __CFG_RSTOSC$HFINTOSC_1MHZ 000000  
                 __CFG_STVREN$ON 000000                   _PMD_Initialize FF46  
              _SYSTEM_Initialize FF20                       __accesstop 0060  
        __end_of__initialization FF1A               ?_SYSTEM_Initialize 0001  
                  ___rparam_used 000001                   __pcstackCOMRAM 0001  
            ??_SYSTEM_Initialize 0001           __end_of_PMD_Initialize FF6A  
      __end_of_SYSTEM_Initialize FF2E                  __CFG_IVT1WAY$ON 000000  
                __CFG_MVECEN$OFF 000000                  __CFG_PPS1WAY$ON 000000  
                ?_PMD_Initialize 0001              __CFG_PWRTS$PWRT_OFF 000000  
                        _OSCCON1 0039D9                          _OSCCON3 0039DB  
                        _OSCTUNE 0039DE                          _SLRCONA 003A43  
                        _SLRCONB 003A53                          _SLRCONC 003A63  
                        __Hparam 0000                          __Lparam 0000  
                        __pcinit FF1A                          __ramtop 2000  
                        __ptext0 FF6A                          __ptext1 FF20  
                        __ptext2 FF46                          __ptext3 FF9E  
                        __ptext4 FF2E                  __CFG_WRTAPP$OFF 000000  
          _OSCILLATOR_Initialize FF2E         ??_PIN_MANAGER_Initialize 0001  
                __CFG_WRTSAF$OFF 000000       __size_of_SYSTEM_Initialize 000E  
           end_of_initialization FF1A            __CFG_WDTCPS$WDTCPS_31 000000  
                      _PORTAbits 003FCA                 __CFG_FEXTOSC$OFF 000000  
         ?_OSCILLATOR_Initialize 0001              start_initialization FF1A  
__size_of_PIN_MANAGER_Initialize 005E                 __CFG_LPBOREN$OFF 000000  
               ??_PMD_Initialize 0001           _PIN_MANAGER_Initialize FF9E  
         __CFG_BBSIZE$BBSIZE_512 000000              __CFG_BORV$VBOR_2P45 000000  
                       __Hrparam 0000                         __Lrparam 0000  
             __CFG_BOREN$SBORDIS 000000          ??_OSCILLATOR_Initialize 0001  
                  __size_of_main 0034             __CFG_WDTCWS$WDTCWS_7 000000  
        ?_PIN_MANAGER_Initialize 0001                __CFG_CLKOUTEN$OFF 000000  
 __end_of_PIN_MANAGER_Initialize FFFC  
